{"E:\\Interviews\\Cowlar\\movieshelf\\backend\\src\\db.ts": {"path":"E:\\Interviews\\Cowlar\\movieshelf\\backend\\src\\db.ts","statementMap":{"0":{"start":{"line":5,"column":25},"end":{"line":5,"column":null}},"1":{"start":{"line":6,"column":0},"end":{"line":8,"column":null}},"2":{"start":{"line":7,"column":2},"end":{"line":7,"column":null}},"3":{"start":{"line":9,"column":16},"end":{"line":9,"column":null}},"4":{"start":{"line":11,"column":22},"end":{"line":11,"column":null}}},"fnMap":{},"branchMap":{"0":{"loc":{"start":{"line":5,"column":25},"end":{"line":5,"column":null}},"type":"cond-expr","locations":[{"start":{"line":5,"column":42},"end":{"line":5,"column":75}},{"start":{"line":5,"column":75},"end":{"line":5,"column":null}}],"line":5},"1":{"loc":{"start":{"line":5,"column":42},"end":{"line":5,"column":75}},"type":"binary-expr","locations":[{"start":{"line":5,"column":42},"end":{"line":5,"column":68}},{"start":{"line":5,"column":68},"end":{"line":5,"column":75}}],"line":5},"2":{"loc":{"start":{"line":5,"column":75},"end":{"line":5,"column":null}},"type":"binary-expr","locations":[{"start":{"line":5,"column":75},"end":{"line":5,"column":97}},{"start":{"line":5,"column":97},"end":{"line":5,"column":null}}],"line":5},"3":{"loc":{"start":{"line":6,"column":0},"end":{"line":8,"column":null}},"type":"if","locations":[{"start":{"line":6,"column":0},"end":{"line":8,"column":null}},{"start":{},"end":{}}],"line":6}},"s":{"0":10,"1":10,"2":0,"3":10,"4":10},"f":{},"b":{"0":[10,0],"1":[10,0],"2":[0,0],"3":[0,10]},"meta":{"lastBranch":4,"lastFunction":0,"lastStatement":5,"seen":{"s:5:25:5:Infinity":0,"b:5:42:5:75:5:75:5:Infinity":0,"b:5:42:5:68:5:68:5:75":1,"b:5:75:5:97:5:97:5:Infinity":2,"b:6:0:8:Infinity:undefined:undefined:undefined:undefined":3,"s:6:0:8:Infinity":1,"s:7:2:7:Infinity":2,"s:9:16:9:Infinity":3,"s:11:22:11:Infinity":4}}}
,"E:\\Interviews\\Cowlar\\movieshelf\\backend\\src\\auth\\jwt.ts": {"path":"E:\\Interviews\\Cowlar\\movieshelf\\backend\\src\\auth\\jwt.ts","statementMap":{"0":{"start":{"line":7,"column":2},"end":{"line":9,"column":null}},"1":{"start":{"line":13,"column":2},"end":{"line":15,"column":null}},"2":{"start":{"line":19,"column":2},"end":{"line":19,"column":null}},"3":{"start":{"line":23,"column":2},"end":{"line":23,"column":null}}},"fnMap":{"0":{"name":"signAccessToken","decl":{"start":{"line":6,"column":16},"end":{"line":6,"column":32}},"loc":{"start":{"line":6,"column":62},"end":{"line":10,"column":null}},"line":6},"1":{"name":"signRefreshToken","decl":{"start":{"line":12,"column":16},"end":{"line":12,"column":33}},"loc":{"start":{"line":12,"column":63},"end":{"line":16,"column":null}},"line":12},"2":{"name":"verifyAccessToken","decl":{"start":{"line":18,"column":16},"end":{"line":18,"column":34}},"loc":{"start":{"line":18,"column":61},"end":{"line":20,"column":null}},"line":18},"3":{"name":"verifyRefreshToken","decl":{"start":{"line":22,"column":16},"end":{"line":22,"column":35}},"loc":{"start":{"line":22,"column":62},"end":{"line":24,"column":null}},"line":22}},"branchMap":{},"s":{"0":1,"1":1,"2":2,"3":1},"f":{"0":1,"1":1,"2":2,"3":1},"b":{},"meta":{"lastBranch":0,"lastFunction":4,"lastStatement":4,"seen":{"f:6:16:6:32":0,"s:7:2:9:Infinity":0,"f:12:16:12:33":1,"s:13:2:15:Infinity":1,"f:18:16:18:34":2,"s:19:2:19:Infinity":2,"f:22:16:22:35":3,"s:23:2:23:Infinity":3}}}
,"E:\\Interviews\\Cowlar\\movieshelf\\backend\\src\\config\\index.ts": {"path":"E:\\Interviews\\Cowlar\\movieshelf\\backend\\src\\config\\index.ts","statementMap":{"0":{"start":{"line":7,"column":12},"end":{"line":7,"column":null}},"1":{"start":{"line":8,"column":2},"end":{"line":14,"column":null}},"2":{"start":{"line":9,"column":4},"end":{"line":13,"column":null}},"3":{"start":{"line":10,"column":18},"end":{"line":10,"column":null}},"4":{"start":{"line":11,"column":18},"end":{"line":11,"column":null}},"5":{"start":{"line":12,"column":6},"end":{"line":12,"column":null}},"6":{"start":{"line":12,"column":15},"end":{"line":12,"column":null}},"7":{"start":{"line":16,"column":0},"end":{"line":16,"column":null}},"8":{"start":{"line":17,"column":0},"end":{"line":17,"column":null}},"9":{"start":{"line":18,"column":0},"end":{"line":18,"column":null}},"10":{"start":{"line":20,"column":18},"end":{"line":45,"column":null}},"11":{"start":{"line":47,"column":15},"end":{"line":47,"column":null}},"12":{"start":{"line":48,"column":0},"end":{"line":50,"column":null}},"13":{"start":{"line":49,"column":2},"end":{"line":49,"column":null}},"14":{"start":{"line":51,"column":12},"end":{"line":51,"column":null}},"15":{"start":{"line":52,"column":15},"end":{"line":52,"column":null}},"16":{"start":{"line":53,"column":14},"end":{"line":53,"column":null}},"17":{"start":{"line":54,"column":15},"end":{"line":54,"column":null}},"18":{"start":{"line":56,"column":27},"end":{"line":56,"column":null}},"19":{"start":{"line":58,"column":21},"end":{"line":58,"column":null}},"20":{"start":{"line":59,"column":22},"end":{"line":59,"column":null}},"21":{"start":{"line":62,"column":2},"end":{"line":62,"column":null}},"22":{"start":{"line":62,"column":14},"end":{"line":62,"column":null}},"23":{"start":{"line":63,"column":10},"end":{"line":63,"column":null}},"24":{"start":{"line":64,"column":2},"end":{"line":64,"column":null}},"25":{"start":{"line":64,"column":10},"end":{"line":64,"column":null}},"26":{"start":{"line":65,"column":2},"end":{"line":69,"column":null}},"27":{"start":{"line":66,"column":4},"end":{"line":68,"column":null}},"28":{"start":{"line":67,"column":6},"end":{"line":67,"column":null}},"29":{"start":{"line":70,"column":2},"end":{"line":70,"column":null}},"30":{"start":{"line":71,"column":2},"end":{"line":71,"column":null}},"31":{"start":{"line":71,"column":10},"end":{"line":71,"column":null}},"32":{"start":{"line":72,"column":2},"end":{"line":72,"column":null}},"33":{"start":{"line":72,"column":23},"end":{"line":72,"column":null}},"34":{"start":{"line":73,"column":2},"end":{"line":73,"column":null}},"35":{"start":{"line":77,"column":20},"end":{"line":77,"column":null}},"36":{"start":{"line":78,"column":24},"end":{"line":78,"column":null}},"37":{"start":{"line":80,"column":0},"end":{"line":90,"column":null}},"38":{"start":{"line":81,"column":2},"end":{"line":83,"column":null}},"39":{"start":{"line":82,"column":4},"end":{"line":82,"column":null}},"40":{"start":{"line":84,"column":2},"end":{"line":86,"column":null}},"41":{"start":{"line":85,"column":4},"end":{"line":85,"column":null}},"42":{"start":{"line":87,"column":2},"end":{"line":89,"column":null}},"43":{"start":{"line":88,"column":4},"end":{"line":88,"column":null}},"44":{"start":{"line":92,"column":0},"end":{"line":96,"column":null}},"45":{"start":{"line":93,"column":2},"end":{"line":95,"column":null}},"46":{"start":{"line":94,"column":4},"end":{"line":94,"column":null}},"47":{"start":{"line":98,"column":22},"end":{"line":145,"column":null}},"48":{"start":{"line":119,"column":47},"end":{"line":119,"column":55}}},"fnMap":{"0":{"name":"loadSecretFile","decl":{"start":{"line":6,"column":9},"end":{"line":6,"column":24}},"loc":{"start":{"line":6,"column":63},"end":{"line":15,"column":null}},"line":6},"1":{"name":"normalizeCookieDomain","decl":{"start":{"line":61,"column":9},"end":{"line":61,"column":31}},"loc":{"start":{"line":61,"column":47},"end":{"line":74,"column":null}},"line":61},"2":{"name":"(anonymous_2)","decl":{"start":{"line":119,"column":40},"end":{"line":119,"column":41}},"loc":{"start":{"line":119,"column":47},"end":{"line":119,"column":55}},"line":119}},"branchMap":{"0":{"loc":{"start":{"line":8,"column":2},"end":{"line":14,"column":null}},"type":"if","locations":[{"start":{"line":8,"column":2},"end":{"line":14,"column":null}},{"start":{},"end":{}}],"line":8},"1":{"loc":{"start":{"line":8,"column":6},"end":{"line":8,"column":36}},"type":"binary-expr","locations":[{"start":{"line":8,"column":6},"end":{"line":8,"column":11}},{"start":{"line":8,"column":11},"end":{"line":8,"column":36}}],"line":8},"2":{"loc":{"start":{"line":10,"column":18},"end":{"line":10,"column":null}},"type":"cond-expr","locations":[{"start":{"line":10,"column":39},"end":{"line":10,"column":43}},{"start":{"line":10,"column":43},"end":{"line":10,"column":null}}],"line":10},"3":{"loc":{"start":{"line":12,"column":6},"end":{"line":12,"column":null}},"type":"if","locations":[{"start":{"line":12,"column":6},"end":{"line":12,"column":null}},{"start":{},"end":{}}],"line":12},"4":{"loc":{"start":{"line":48,"column":0},"end":{"line":50,"column":null}},"type":"if","locations":[{"start":{"line":48,"column":0},"end":{"line":50,"column":null}},{"start":{},"end":{}}],"line":48},"5":{"loc":{"start":{"line":56,"column":27},"end":{"line":56,"column":null}},"type":"binary-expr","locations":[{"start":{"line":56,"column":27},"end":{"line":56,"column":66}},{"start":{"line":56,"column":66},"end":{"line":56,"column":76}},{"start":{"line":56,"column":76},"end":{"line":56,"column":null}}],"line":56},"6":{"loc":{"start":{"line":62,"column":2},"end":{"line":62,"column":null}},"type":"if","locations":[{"start":{"line":62,"column":2},"end":{"line":62,"column":null}},{"start":{},"end":{}}],"line":62},"7":{"loc":{"start":{"line":64,"column":2},"end":{"line":64,"column":null}},"type":"if","locations":[{"start":{"line":64,"column":2},"end":{"line":64,"column":null}},{"start":{},"end":{}}],"line":64},"8":{"loc":{"start":{"line":66,"column":4},"end":{"line":68,"column":null}},"type":"if","locations":[{"start":{"line":66,"column":4},"end":{"line":68,"column":null}},{"start":{},"end":{}}],"line":66},"9":{"loc":{"start":{"line":66,"column":8},"end":{"line":66,"column":61}},"type":"binary-expr","locations":[{"start":{"line":66,"column":8},"end":{"line":66,"column":35}},{"start":{"line":66,"column":35},"end":{"line":66,"column":61}}],"line":66},"10":{"loc":{"start":{"line":71,"column":2},"end":{"line":71,"column":null}},"type":"if","locations":[{"start":{"line":71,"column":2},"end":{"line":71,"column":null}},{"start":{},"end":{}}],"line":71},"11":{"loc":{"start":{"line":72,"column":2},"end":{"line":72,"column":null}},"type":"if","locations":[{"start":{"line":72,"column":2},"end":{"line":72,"column":null}},{"start":{},"end":{}}],"line":72},"12":{"loc":{"start":{"line":80,"column":0},"end":{"line":90,"column":null}},"type":"if","locations":[{"start":{"line":80,"column":0},"end":{"line":90,"column":null}},{"start":{},"end":{}}],"line":80},"13":{"loc":{"start":{"line":81,"column":2},"end":{"line":83,"column":null}},"type":"if","locations":[{"start":{"line":81,"column":2},"end":{"line":83,"column":null}},{"start":{},"end":{}}],"line":81},"14":{"loc":{"start":{"line":84,"column":2},"end":{"line":86,"column":null}},"type":"if","locations":[{"start":{"line":84,"column":2},"end":{"line":86,"column":null}},{"start":{},"end":{}}],"line":84},"15":{"loc":{"start":{"line":87,"column":2},"end":{"line":89,"column":null}},"type":"if","locations":[{"start":{"line":87,"column":2},"end":{"line":89,"column":null}},{"start":{},"end":{}}],"line":87},"16":{"loc":{"start":{"line":87,"column":6},"end":{"line":87,"column":57}},"type":"binary-expr","locations":[{"start":{"line":87,"column":6},"end":{"line":87,"column":32}},{"start":{"line":87,"column":32},"end":{"line":87,"column":57}}],"line":87},"17":{"loc":{"start":{"line":92,"column":0},"end":{"line":96,"column":null}},"type":"if","locations":[{"start":{"line":92,"column":0},"end":{"line":96,"column":null}},{"start":{},"end":{}}],"line":92},"18":{"loc":{"start":{"line":93,"column":2},"end":{"line":95,"column":null}},"type":"if","locations":[{"start":{"line":93,"column":2},"end":{"line":95,"column":null}},{"start":{},"end":{}}],"line":93},"19":{"loc":{"start":{"line":93,"column":6},"end":{"line":93,"column":76}},"type":"binary-expr","locations":[{"start":{"line":93,"column":6},"end":{"line":93,"column":24}},{"start":{"line":93,"column":24},"end":{"line":93,"column":49}},{"start":{"line":93,"column":49},"end":{"line":93,"column":76}}],"line":93},"20":{"loc":{"start":{"line":109,"column":18},"end":{"line":109,"column":null}},"type":"binary-expr","locations":[{"start":{"line":109,"column":18},"end":{"line":109,"column":44}},{"start":{"line":109,"column":44},"end":{"line":109,"column":null}}],"line":109},"21":{"loc":{"start":{"line":110,"column":19},"end":{"line":110,"column":null}},"type":"binary-expr","locations":[{"start":{"line":110,"column":19},"end":{"line":110,"column":46}},{"start":{"line":110,"column":46},"end":{"line":110,"column":null}}],"line":110},"22":{"loc":{"start":{"line":115,"column":15},"end":{"line":115,"column":null}},"type":"binary-expr","locations":[{"start":{"line":115,"column":15},"end":{"line":115,"column":39}},{"start":{"line":115,"column":39},"end":{"line":115,"column":null}}],"line":115},"23":{"loc":{"start":{"line":115,"column":39},"end":{"line":115,"column":null}},"type":"cond-expr","locations":[{"start":{"line":115,"column":48},"end":{"line":115,"column":57}},{"start":{"line":115,"column":57},"end":{"line":115,"column":null}}],"line":115},"24":{"loc":{"start":{"line":118,"column":13},"end":{"line":120,"column":null}},"type":"cond-expr","locations":[{"start":{"line":119,"column":8},"end":{"line":119,"column":null}},{"start":{"line":120,"column":9},"end":{"line":120,"column":null}}],"line":118},"25":{"loc":{"start":{"line":120,"column":9},"end":{"line":120,"column":null}},"type":"cond-expr","locations":[{"start":{"line":120,"column":18},"end":{"line":120,"column":23}},{"start":{"line":120,"column":23},"end":{"line":120,"column":null}}],"line":120},"26":{"loc":{"start":{"line":123,"column":14},"end":{"line":123,"column":null}},"type":"binary-expr","locations":[{"start":{"line":123,"column":14},"end":{"line":123,"column":42}},{"start":{"line":123,"column":42},"end":{"line":123,"column":null}}],"line":123},"27":{"loc":{"start":{"line":124,"column":11},"end":{"line":124,"column":null}},"type":"binary-expr","locations":[{"start":{"line":124,"column":11},"end":{"line":124,"column":35}},{"start":{"line":124,"column":35},"end":{"line":124,"column":null}}],"line":124},"28":{"loc":{"start":{"line":127,"column":20},"end":{"line":127,"column":null}},"type":"binary-expr","locations":[{"start":{"line":127,"column":20},"end":{"line":127,"column":48}},{"start":{"line":127,"column":48},"end":{"line":127,"column":null}}],"line":127},"29":{"loc":{"start":{"line":131,"column":12},"end":{"line":131,"column":null}},"type":"binary-expr","locations":[{"start":{"line":131,"column":12},"end":{"line":131,"column":30}},{"start":{"line":131,"column":30},"end":{"line":131,"column":null}}],"line":131},"30":{"loc":{"start":{"line":131,"column":30},"end":{"line":131,"column":null}},"type":"cond-expr","locations":[{"start":{"line":131,"column":39},"end":{"line":131,"column":48}},{"start":{"line":131,"column":48},"end":{"line":131,"column":null}}],"line":131},"31":{"loc":{"start":{"line":134,"column":6},"end":{"line":143,"column":null}},"type":"cond-expr","locations":[{"start":{"line":135,"column":10},"end":{"line":142,"column":null}},{"start":{"line":143,"column":10},"end":{"line":143,"column":null}}],"line":134},"32":{"loc":{"start":{"line":137,"column":20},"end":{"line":137,"column":null}},"type":"binary-expr","locations":[{"start":{"line":137,"column":20},"end":{"line":137,"column":37}},{"start":{"line":137,"column":37},"end":{"line":137,"column":null}}],"line":137}},"s":{"0":51,"1":51,"2":2,"3":2,"4":2,"5":2,"6":2,"7":17,"8":17,"9":17,"10":17,"11":17,"12":17,"13":1,"14":16,"15":16,"16":16,"17":16,"18":16,"19":17,"20":17,"21":16,"22":3,"23":13,"24":13,"25":0,"26":13,"27":13,"28":1,"29":13,"30":13,"31":0,"32":13,"33":1,"34":12,"35":17,"36":17,"37":17,"38":16,"39":0,"40":16,"41":0,"42":16,"43":0,"44":16,"45":16,"46":0,"47":16,"48":18},"f":{"0":51,"1":16,"2":18},"b":{"0":[2,49],"1":[51,2],"2":[2,0],"3":[2,0],"4":[1,16],"5":[16,0,0],"6":[3,13],"7":[0,13],"8":[1,12],"9":[13,13],"10":[0,13],"11":[1,12],"12":[16,1],"13":[0,16],"14":[0,16],"15":[0,16],"16":[16,16],"17":[16,0],"18":[0,16],"19":[16,16,16],"20":[16,16],"21":[17,16],"22":[17,0],"23":[0,0],"24":[16,0],"25":[0,0],"26":[17,0],"27":[17,0],"28":[17,0],"29":[17,10],"30":[0,10],"31":[16,0],"32":[16,0]},"meta":{"lastBranch":33,"lastFunction":3,"lastStatement":49,"seen":{"f:6:9:6:24":0,"s:7:12:7:Infinity":0,"b:8:2:14:Infinity:undefined:undefined:undefined:undefined":0,"s:8:2:14:Infinity":1,"b:8:6:8:11:8:11:8:36":1,"s:9:4:13:Infinity":2,"s:10:18:10:Infinity":3,"b:10:39:10:43:10:43:10:Infinity":2,"s:11:18:11:Infinity":4,"b:12:6:12:Infinity:undefined:undefined:undefined:undefined":3,"s:12:6:12:Infinity":5,"s:12:15:12:Infinity":6,"s:16:0:16:Infinity":7,"s:17:0:17:Infinity":8,"s:18:0:18:Infinity":9,"s:20:18:45:Infinity":10,"s:47:15:47:Infinity":11,"b:48:0:50:Infinity:undefined:undefined:undefined:undefined":4,"s:48:0:50:Infinity":12,"s:49:2:49:Infinity":13,"s:51:12:51:Infinity":14,"s:52:15:52:Infinity":15,"s:53:14:53:Infinity":16,"s:54:15:54:Infinity":17,"s:56:27:56:Infinity":18,"b:56:27:56:66:56:66:56:76:56:76:56:Infinity":5,"s:58:21:58:Infinity":19,"s:59:22:59:Infinity":20,"f:61:9:61:31":1,"b:62:2:62:Infinity:undefined:undefined:undefined:undefined":6,"s:62:2:62:Infinity":21,"s:62:14:62:Infinity":22,"s:63:10:63:Infinity":23,"b:64:2:64:Infinity:undefined:undefined:undefined:undefined":7,"s:64:2:64:Infinity":24,"s:64:10:64:Infinity":25,"s:65:2:69:Infinity":26,"b:66:4:68:Infinity:undefined:undefined:undefined:undefined":8,"s:66:4:68:Infinity":27,"b:66:8:66:35:66:35:66:61":9,"s:67:6:67:Infinity":28,"s:70:2:70:Infinity":29,"b:71:2:71:Infinity:undefined:undefined:undefined:undefined":10,"s:71:2:71:Infinity":30,"s:71:10:71:Infinity":31,"b:72:2:72:Infinity:undefined:undefined:undefined:undefined":11,"s:72:2:72:Infinity":32,"s:72:23:72:Infinity":33,"s:73:2:73:Infinity":34,"s:77:20:77:Infinity":35,"s:78:24:78:Infinity":36,"b:80:0:90:Infinity:undefined:undefined:undefined:undefined":12,"s:80:0:90:Infinity":37,"b:81:2:83:Infinity:undefined:undefined:undefined:undefined":13,"s:81:2:83:Infinity":38,"s:82:4:82:Infinity":39,"b:84:2:86:Infinity:undefined:undefined:undefined:undefined":14,"s:84:2:86:Infinity":40,"s:85:4:85:Infinity":41,"b:87:2:89:Infinity:undefined:undefined:undefined:undefined":15,"s:87:2:89:Infinity":42,"b:87:6:87:32:87:32:87:57":16,"s:88:4:88:Infinity":43,"b:92:0:96:Infinity:undefined:undefined:undefined:undefined":17,"s:92:0:96:Infinity":44,"b:93:2:95:Infinity:undefined:undefined:undefined:undefined":18,"s:93:2:95:Infinity":45,"b:93:6:93:24:93:24:93:49:93:49:93:76":19,"s:94:4:94:Infinity":46,"s:98:22:145:Infinity":47,"b:109:18:109:44:109:44:109:Infinity":20,"b:110:19:110:46:110:46:110:Infinity":21,"b:115:15:115:39:115:39:115:Infinity":22,"b:115:48:115:57:115:57:115:Infinity":23,"b:119:8:119:Infinity:120:9:120:Infinity":24,"f:119:40:119:41":2,"s:119:47:119:55":48,"b:120:18:120:23:120:23:120:Infinity":25,"b:123:14:123:42:123:42:123:Infinity":26,"b:124:11:124:35:124:35:124:Infinity":27,"b:127:20:127:48:127:48:127:Infinity":28,"b:131:12:131:30:131:30:131:Infinity":29,"b:131:39:131:48:131:48:131:Infinity":30,"b:135:10:142:Infinity:143:10:143:Infinity":31,"b:137:20:137:37:137:37:137:Infinity":32}}}
,"E:\\Interviews\\Cowlar\\movieshelf\\backend\\src\\config\\logger.ts": {"path":"E:\\Interviews\\Cowlar\\movieshelf\\backend\\src\\config\\logger.ts","statementMap":{"0":{"start":{"line":4,"column":13},"end":{"line":14,"column":null}}},"fnMap":{},"branchMap":{"0":{"loc":{"start":{"line":5,"column":2},"end":{"line":13,"column":null}},"type":"cond-expr","locations":[{"start":{"line":6,"column":6},"end":{"line":6,"column":null}},{"start":{"line":7,"column":6},"end":{"line":13,"column":null}}],"line":5}},"s":{"0":2},"f":{},"b":{"0":[0,2]},"meta":{"lastBranch":1,"lastFunction":0,"lastStatement":1,"seen":{"s:4:13:14:Infinity":0,"b:6:6:6:Infinity:7:6:13:Infinity":0}}}
,"E:\\Interviews\\Cowlar\\movieshelf\\backend\\src\\dtos\\movies.ts": {"path":"E:\\Interviews\\Cowlar\\movieshelf\\backend\\src\\dtos\\movies.ts","statementMap":{"0":{"start":{"line":3,"column":18},"end":{"line":14,"column":null}},"1":{"start":{"line":7,"column":4},"end":{"line":7,"column":null}},"2":{"start":{"line":7,"column":33},"end":{"line":7,"column":null}},"3":{"start":{"line":8,"column":4},"end":{"line":13,"column":null}},"4":{"start":{"line":9,"column":16},"end":{"line":9,"column":null}},"5":{"start":{"line":10,"column":6},"end":{"line":10,"column":null}},"6":{"start":{"line":12,"column":6},"end":{"line":12,"column":null}},"7":{"start":{"line":16,"column":31},"end":{"line":22,"column":null}},"8":{"start":{"line":24,"column":31},"end":{"line":30,"column":null}},"9":{"start":{"line":32,"column":28},"end":{"line":32,"column":null}},"10":{"start":{"line":34,"column":26},"end":{"line":34,"column":null}}},"fnMap":{"0":{"name":"(anonymous_0)","decl":{"start":{"line":6,"column":10},"end":{"line":6,"column":11}},"loc":{"start":{"line":6,"column":17},"end":{"line":14,"column":3}},"line":6}},"branchMap":{"0":{"loc":{"start":{"line":7,"column":4},"end":{"line":7,"column":null}},"type":"if","locations":[{"start":{"line":7,"column":4},"end":{"line":7,"column":null}},{"start":{},"end":{}}],"line":7},"1":{"loc":{"start":{"line":10,"column":13},"end":{"line":10,"column":null}},"type":"binary-expr","locations":[{"start":{"line":10,"column":13},"end":{"line":10,"column":39}},{"start":{"line":10,"column":39},"end":{"line":10,"column":null}}],"line":10}},"s":{"0":1,"1":3,"2":1,"3":2,"4":2,"5":2,"6":0,"7":1,"8":1,"9":1,"10":1},"f":{"0":3},"b":{"0":[1,2],"1":[2,2]},"meta":{"lastBranch":2,"lastFunction":1,"lastStatement":11,"seen":{"s:3:18:14:Infinity":0,"f:6:10:6:11":0,"b:7:4:7:Infinity:undefined:undefined:undefined:undefined":0,"s:7:4:7:Infinity":1,"s:7:33:7:Infinity":2,"s:8:4:13:Infinity":3,"s:9:16:9:Infinity":4,"s:10:6:10:Infinity":5,"b:10:13:10:39:10:39:10:Infinity":1,"s:12:6:12:Infinity":6,"s:16:31:22:Infinity":7,"s:24:31:30:Infinity":8,"s:32:28:32:Infinity":9,"s:34:26:34:Infinity":10}}}
,"E:\\Interviews\\Cowlar\\movieshelf\\backend\\src\\generated\\prisma\\client.ts": {"path":"E:\\Interviews\\Cowlar\\movieshelf\\backend\\src\\generated\\prisma\\client.ts","statementMap":{"0":{"start":{"line":16,"column":0},"end":{"line":16,"column":null}},"1":{"start":{"line":38,"column":28},"end":{"line":38,"column":null}}},"fnMap":{},"branchMap":{},"s":{"0":10,"1":10},"f":{},"b":{},"meta":{"lastBranch":0,"lastFunction":0,"lastStatement":2,"seen":{"s:16:0:16:Infinity":0,"s:38:28:38:Infinity":1}}}
,"E:\\Interviews\\Cowlar\\movieshelf\\backend\\src\\generated\\prisma\\enums.ts": {"path":"E:\\Interviews\\Cowlar\\movieshelf\\backend\\src\\generated\\prisma\\enums.ts","statementMap":{},"fnMap":{},"branchMap":{},"s":{},"f":{},"b":{},"meta":{"lastBranch":0,"lastFunction":0,"lastStatement":0,"seen":{}}}
,"E:\\Interviews\\Cowlar\\movieshelf\\backend\\src\\generated\\prisma\\internal\\class.ts": {"path":"E:\\Interviews\\Cowlar\\movieshelf\\backend\\src\\generated\\prisma\\internal\\class.ts","statementMap":{"0":{"start":{"line":18,"column":46},"end":{"line":35,"column":null}},"1":{"start":{"line":37,"column":0},"end":{"line":37,"column":null}},"2":{"start":{"line":38,"column":0},"end":{"line":41,"column":null}},"3":{"start":{"line":44,"column":21},"end":{"line":44,"column":null}},"4":{"start":{"line":45,"column":20},"end":{"line":45,"column":null}},"5":{"start":{"line":46,"column":2},"end":{"line":46,"column":null}},"6":{"start":{"line":49,"column":0},"end":{"line":58,"column":null}},"7":{"start":{"line":50,"column":26},"end":{"line":50,"column":null}},"8":{"start":{"line":53,"column":21},"end":{"line":53,"column":null}},"9":{"start":{"line":54,"column":4},"end":{"line":54,"column":null}},"10":{"start":{"line":241,"column":2},"end":{"line":241,"column":null}}},"fnMap":{"0":{"name":"decodeBase64AsWasm","decl":{"start":{"line":43,"column":15},"end":{"line":43,"column":34}},"loc":{"start":{"line":43,"column":83},"end":{"line":47,"column":null}},"line":43},"1":{"name":"(anonymous_1)","decl":{"start":{"line":50,"column":14},"end":{"line":50,"column":26}},"loc":{"start":{"line":50,"column":26},"end":{"line":50,"column":null}},"line":50},"2":{"name":"(anonymous_2)","decl":{"start":{"line":52,"column":30},"end":{"line":52,"column":42}},"loc":{"start":{"line":52,"column":42},"end":{"line":55,"column":null}},"line":52},"3":{"name":"getPrismaClientClass","decl":{"start":{"line":240,"column":16},"end":{"line":240,"column":64}},"loc":{"start":{"line":240,"column":64},"end":{"line":242,"column":null}},"line":240}},"branchMap":{},"s":{"0":10,"1":10,"2":10,"3":0,"4":0,"5":0,"6":10,"7":0,"8":0,"9":0,"10":10},"f":{"0":0,"1":0,"2":0,"3":10},"b":{},"meta":{"lastBranch":0,"lastFunction":4,"lastStatement":11,"seen":{"s:18:46:35:Infinity":0,"s:37:0:37:Infinity":1,"s:38:0:41:Infinity":2,"f:43:15:43:34":0,"s:44:21:44:Infinity":3,"s:45:20:45:Infinity":4,"s:46:2:46:Infinity":5,"s:49:0:58:Infinity":6,"f:50:14:50:26":1,"s:50:26:50:Infinity":7,"f:52:30:52:42":2,"s:53:21:53:Infinity":8,"s:54:4:54:Infinity":9,"f:240:16:240:64":3,"s:241:2:241:Infinity":10}}}
,"E:\\Interviews\\Cowlar\\movieshelf\\backend\\src\\generated\\prisma\\internal\\prismaNamespace.ts": {"path":"E:\\Interviews\\Cowlar\\movieshelf\\backend\\src\\generated\\prisma\\internal\\prismaNamespace.ts","statementMap":{"0":{"start":{"line":32,"column":45},"end":{"line":32,"column":null}},"1":{"start":{"line":35,"column":47},"end":{"line":35,"column":null}},"2":{"start":{"line":38,"column":42},"end":{"line":38,"column":null}},"3":{"start":{"line":41,"column":47},"end":{"line":41,"column":null}},"4":{"start":{"line":44,"column":43},"end":{"line":44,"column":null}},"5":{"start":{"line":50,"column":19},"end":{"line":50,"column":null}},"6":{"start":{"line":51,"column":21},"end":{"line":51,"column":null}},"7":{"start":{"line":52,"column":20},"end":{"line":52,"column":null}},"8":{"start":{"line":53,"column":19},"end":{"line":53,"column":null}},"9":{"start":{"line":54,"column":19},"end":{"line":54,"column":null}},"10":{"start":{"line":62,"column":23},"end":{"line":62,"column":null}},"11":{"start":{"line":71,"column":35},"end":{"line":71,"column":null}},"12":{"start":{"line":86,"column":44},"end":{"line":89,"column":null}},"13":{"start":{"line":104,"column":25},"end":{"line":108,"column":null}},"14":{"start":{"line":114,"column":22},"end":{"line":114,"column":null}},"15":{"start":{"line":121,"column":24},"end":{"line":121,"column":null}},"16":{"start":{"line":128,"column":23},"end":{"line":128,"column":null}},"17":{"start":{"line":386,"column":25},"end":{"line":392,"column":null}},"18":{"start":{"line":810,"column":41},"end":{"line":815,"column":null}},"19":{"start":{"line":820,"column":35},"end":{"line":828,"column":null}},"20":{"start":{"line":833,"column":36},"end":{"line":847,"column":null}},"21":{"start":{"line":852,"column":37},"end":{"line":859,"column":null}},"22":{"start":{"line":864,"column":37},"end":{"line":871,"column":null}},"23":{"start":{"line":876,"column":36},"end":{"line":883,"column":null}},"24":{"start":{"line":888,"column":25},"end":{"line":891,"column":null}},"25":{"start":{"line":896,"column":25},"end":{"line":899,"column":null}},"26":{"start":{"line":904,"column":26},"end":{"line":907,"column":null}},"27":{"start":{"line":994,"column":31},"end":{"line":994,"column":null}}},"fnMap":{},"branchMap":{},"s":{"0":10,"1":10,"2":10,"3":10,"4":10,"5":10,"6":10,"7":10,"8":10,"9":10,"10":10,"11":10,"12":10,"13":10,"14":10,"15":10,"16":10,"17":10,"18":10,"19":10,"20":10,"21":10,"22":10,"23":10,"24":10,"25":10,"26":10,"27":10},"f":{},"b":{},"meta":{"lastBranch":0,"lastFunction":0,"lastStatement":28,"seen":{"s:32:45:32:Infinity":0,"s:35:47:35:Infinity":1,"s:38:42:38:Infinity":2,"s:41:47:41:Infinity":3,"s:44:43:44:Infinity":4,"s:50:19:50:Infinity":5,"s:51:21:51:Infinity":6,"s:52:20:52:Infinity":7,"s:53:19:53:Infinity":8,"s:54:19:54:Infinity":9,"s:62:23:62:Infinity":10,"s:71:35:71:Infinity":11,"s:86:44:89:Infinity":12,"s:104:25:108:Infinity":13,"s:114:22:114:Infinity":14,"s:121:24:121:Infinity":15,"s:128:23:128:Infinity":16,"s:386:25:392:Infinity":17,"s:810:41:815:Infinity":18,"s:820:35:828:Infinity":19,"s:833:36:847:Infinity":20,"s:852:37:859:Infinity":21,"s:864:37:871:Infinity":22,"s:876:36:883:Infinity":23,"s:888:25:891:Infinity":24,"s:896:25:899:Infinity":25,"s:904:26:907:Infinity":26,"s:994:31:994:Infinity":27}}}
,"E:\\Interviews\\Cowlar\\movieshelf\\backend\\src\\middleware\\auth.ts": {"path":"E:\\Interviews\\Cowlar\\movieshelf\\backend\\src\\middleware\\auth.ts","statementMap":{"0":{"start":{"line":12,"column":44},"end":{"line":35,"column":null}},"1":{"start":{"line":13,"column":16},"end":{"line":13,"column":null}},"2":{"start":{"line":14,"column":2},"end":{"line":19,"column":null}},"3":{"start":{"line":15,"column":4},"end":{"line":18,"column":null}},"4":{"start":{"line":16,"column":24},"end":{"line":16,"column":null}},"5":{"start":{"line":17,"column":6},"end":{"line":17,"column":null}},"6":{"start":{"line":20,"column":2},"end":{"line":33,"column":null}},"7":{"start":{"line":21,"column":24},"end":{"line":21,"column":null}},"8":{"start":{"line":22,"column":4},"end":{"line":32,"column":null}},"9":{"start":{"line":23,"column":6},"end":{"line":23,"column":null}},"10":{"start":{"line":25,"column":22},"end":{"line":25,"column":null}},"11":{"start":{"line":26,"column":6},"end":{"line":31,"column":null}},"12":{"start":{"line":27,"column":8},"end":{"line":30,"column":null}},"13":{"start":{"line":28,"column":28},"end":{"line":28,"column":null}},"14":{"start":{"line":29,"column":10},"end":{"line":29,"column":null}},"15":{"start":{"line":34,"column":2},"end":{"line":34,"column":null}},"16":{"start":{"line":38,"column":2},"end":{"line":41,"column":null}},"17":{"start":{"line":39,"column":4},"end":{"line":39,"column":null}},"18":{"start":{"line":39,"column":19},"end":{"line":39,"column":null}},"19":{"start":{"line":40,"column":4},"end":{"line":40,"column":null}},"20":{"start":{"line":45,"column":2},"end":{"line":49,"column":null}},"21":{"start":{"line":46,"column":4},"end":{"line":46,"column":null}},"22":{"start":{"line":46,"column":19},"end":{"line":46,"column":null}},"23":{"start":{"line":47,"column":4},"end":{"line":47,"column":null}},"24":{"start":{"line":47,"column":32},"end":{"line":47,"column":null}},"25":{"start":{"line":48,"column":4},"end":{"line":48,"column":null}}},"fnMap":{"0":{"name":"(anonymous_0)","decl":{"start":{"line":12,"column":44},"end":{"line":12,"column":45}},"loc":{"start":{"line":12,"column":65},"end":{"line":35,"column":null}},"line":12},"1":{"name":"requireAuth","decl":{"start":{"line":37,"column":16},"end":{"line":37,"column":46}},"loc":{"start":{"line":37,"column":46},"end":{"line":42,"column":null}},"line":37},"2":{"name":"(anonymous_2)","decl":{"start":{"line":38,"column":9},"end":{"line":38,"column":10}},"loc":{"start":{"line":38,"column":30},"end":{"line":41,"column":null}},"line":38},"3":{"name":"requireRole","decl":{"start":{"line":44,"column":16},"end":{"line":44,"column":28}},"loc":{"start":{"line":44,"column":58},"end":{"line":50,"column":null}},"line":44},"4":{"name":"(anonymous_4)","decl":{"start":{"line":45,"column":9},"end":{"line":45,"column":10}},"loc":{"start":{"line":45,"column":30},"end":{"line":49,"column":null}},"line":45}},"branchMap":{"0":{"loc":{"start":{"line":14,"column":2},"end":{"line":19,"column":null}},"type":"if","locations":[{"start":{"line":14,"column":2},"end":{"line":19,"column":null}},{"start":{},"end":{}}],"line":14},"1":{"loc":{"start":{"line":20,"column":2},"end":{"line":33,"column":null}},"type":"if","locations":[{"start":{"line":20,"column":2},"end":{"line":33,"column":null}},{"start":{},"end":{}}],"line":20},"2":{"loc":{"start":{"line":20,"column":6},"end":{"line":20,"column":34}},"type":"binary-expr","locations":[{"start":{"line":20,"column":6},"end":{"line":20,"column":19}},{"start":{"line":20,"column":19},"end":{"line":20,"column":34}}],"line":20},"3":{"loc":{"start":{"line":21,"column":24},"end":{"line":21,"column":null}},"type":"binary-expr","locations":[{"start":{"line":21,"column":24},"end":{"line":21,"column":53}},{"start":{"line":21,"column":53},"end":{"line":21,"column":null}}],"line":21},"4":{"loc":{"start":{"line":22,"column":4},"end":{"line":32,"column":null}},"type":"if","locations":[{"start":{"line":22,"column":4},"end":{"line":32,"column":null}},{"start":{"line":24,"column":11},"end":{"line":32,"column":null}}],"line":22},"5":{"loc":{"start":{"line":22,"column":8},"end":{"line":22,"column":54}},"type":"binary-expr","locations":[{"start":{"line":22,"column":8},"end":{"line":22,"column":42}},{"start":{"line":22,"column":42},"end":{"line":22,"column":54}}],"line":22},"6":{"loc":{"start":{"line":26,"column":6},"end":{"line":31,"column":null}},"type":"if","locations":[{"start":{"line":26,"column":6},"end":{"line":31,"column":null}},{"start":{},"end":{}}],"line":26},"7":{"loc":{"start":{"line":26,"column":10},"end":{"line":26,"column":50}},"type":"binary-expr","locations":[{"start":{"line":26,"column":10},"end":{"line":26,"column":41}},{"start":{"line":26,"column":41},"end":{"line":26,"column":50}}],"line":26},"8":{"loc":{"start":{"line":39,"column":4},"end":{"line":39,"column":null}},"type":"if","locations":[{"start":{"line":39,"column":4},"end":{"line":39,"column":null}},{"start":{},"end":{}}],"line":39},"9":{"loc":{"start":{"line":46,"column":4},"end":{"line":46,"column":null}},"type":"if","locations":[{"start":{"line":46,"column":4},"end":{"line":46,"column":null}},{"start":{},"end":{}}],"line":46},"10":{"loc":{"start":{"line":47,"column":4},"end":{"line":47,"column":null}},"type":"if","locations":[{"start":{"line":47,"column":4},"end":{"line":47,"column":null}},{"start":{},"end":{}}],"line":47}},"s":{"0":1,"1":3,"2":3,"3":2,"4":2,"5":2,"6":3,"7":2,"8":2,"9":0,"10":2,"11":2,"12":0,"13":0,"14":0,"15":3,"16":1,"17":1,"18":1,"19":0,"20":2,"21":2,"22":0,"23":2,"24":1,"25":1},"f":{"0":3,"1":1,"2":1,"3":2,"4":2},"b":{"0":[2,1],"1":[2,1],"2":[3,2],"3":[2,2],"4":[0,2],"5":[2,0],"6":[0,2],"7":[2,0],"8":[1,0],"9":[0,2],"10":[1,1]},"meta":{"lastBranch":11,"lastFunction":5,"lastStatement":26,"seen":{"s:12:44:35:Infinity":0,"f:12:44:12:45":0,"s:13:16:13:Infinity":1,"b:14:2:19:Infinity:undefined:undefined:undefined:undefined":0,"s:14:2:19:Infinity":2,"s:15:4:18:Infinity":3,"s:16:24:16:Infinity":4,"s:17:6:17:Infinity":5,"b:20:2:33:Infinity:undefined:undefined:undefined:undefined":1,"s:20:2:33:Infinity":6,"b:20:6:20:19:20:19:20:34":2,"s:21:24:21:Infinity":7,"b:21:24:21:53:21:53:21:Infinity":3,"b:22:4:32:Infinity:24:11:32:Infinity":4,"s:22:4:32:Infinity":8,"b:22:8:22:42:22:42:22:54":5,"s:23:6:23:Infinity":9,"s:25:22:25:Infinity":10,"b:26:6:31:Infinity:undefined:undefined:undefined:undefined":6,"s:26:6:31:Infinity":11,"b:26:10:26:41:26:41:26:50":7,"s:27:8:30:Infinity":12,"s:28:28:28:Infinity":13,"s:29:10:29:Infinity":14,"s:34:2:34:Infinity":15,"f:37:16:37:46":1,"s:38:2:41:Infinity":16,"f:38:9:38:10":2,"b:39:4:39:Infinity:undefined:undefined:undefined:undefined":8,"s:39:4:39:Infinity":17,"s:39:19:39:Infinity":18,"s:40:4:40:Infinity":19,"f:44:16:44:28":3,"s:45:2:49:Infinity":20,"f:45:9:45:10":4,"b:46:4:46:Infinity:undefined:undefined:undefined:undefined":9,"s:46:4:46:Infinity":21,"s:46:19:46:Infinity":22,"b:47:4:47:Infinity:undefined:undefined:undefined:undefined":10,"s:47:4:47:Infinity":23,"s:47:32:47:Infinity":24,"s:48:4:48:Infinity":25}}}
,"E:\\Interviews\\Cowlar\\movieshelf\\backend\\src\\middleware\\cacheResponse.ts": {"path":"E:\\Interviews\\Cowlar\\movieshelf\\backend\\src\\middleware\\cacheResponse.ts","statementMap":{"0":{"start":{"line":5,"column":15},"end":{"line":5,"column":null}},"1":{"start":{"line":6,"column":2},"end":{"line":6,"column":null}},"2":{"start":{"line":17,"column":17},"end":{"line":17,"column":null}},"3":{"start":{"line":18,"column":2},"end":{"line":32,"column":null}},"4":{"start":{"line":19,"column":19},"end":{"line":19,"column":null}},"5":{"start":{"line":20,"column":4},"end":{"line":31,"column":null}},"6":{"start":{"line":21,"column":19},"end":{"line":21,"column":null}},"7":{"start":{"line":22,"column":6},"end":{"line":22,"column":null}},"8":{"start":{"line":23,"column":6},"end":{"line":23,"column":null}},"9":{"start":{"line":24,"column":6},"end":{"line":27,"column":null}},"10":{"start":{"line":25,"column":8},"end":{"line":25,"column":null}},"11":{"start":{"line":26,"column":8},"end":{"line":26,"column":null}},"12":{"start":{"line":28,"column":6},"end":{"line":28,"column":null}},"13":{"start":{"line":29,"column":6},"end":{"line":29,"column":null}},"14":{"start":{"line":30,"column":6},"end":{"line":30,"column":null}},"15":{"start":{"line":33,"column":15},"end":{"line":33,"column":null}},"16":{"start":{"line":34,"column":15},"end":{"line":34,"column":null}},"17":{"start":{"line":35,"column":15},"end":{"line":35,"column":null}},"18":{"start":{"line":36,"column":2},"end":{"line":36,"column":null}},"19":{"start":{"line":37,"column":2},"end":{"line":37,"column":null}},"20":{"start":{"line":38,"column":2},"end":{"line":41,"column":null}},"21":{"start":{"line":39,"column":4},"end":{"line":39,"column":null}},"22":{"start":{"line":40,"column":4},"end":{"line":40,"column":null}},"23":{"start":{"line":42,"column":2},"end":{"line":42,"column":null}},"24":{"start":{"line":43,"column":2},"end":{"line":43,"column":null}},"25":{"start":{"line":44,"column":2},"end":{"line":46,"column":null}},"26":{"start":{"line":45,"column":4},"end":{"line":45,"column":null}}},"fnMap":{"0":{"name":"etagFor","decl":{"start":{"line":4,"column":16},"end":{"line":4,"column":24}},"loc":{"start":{"line":4,"column":38},"end":{"line":7,"column":null}},"line":4},"1":{"name":"sendJsonWithCache","decl":{"start":{"line":9,"column":22},"end":{"line":9,"column":null}},"loc":{"start":{"line":16,"column":2},"end":{"line":47,"column":null}},"line":16},"2":{"name":"(anonymous_2)","decl":{"start":{"line":45,"column":47},"end":{"line":45,"column":53}},"loc":{"start":{"line":45,"column":53},"end":{"line":45,"column":55}},"line":45}},"branchMap":{"0":{"loc":{"start":{"line":18,"column":2},"end":{"line":32,"column":null}},"type":"if","locations":[{"start":{"line":18,"column":2},"end":{"line":32,"column":null}},{"start":{},"end":{}}],"line":18},"1":{"loc":{"start":{"line":20,"column":4},"end":{"line":31,"column":null}},"type":"if","locations":[{"start":{"line":20,"column":4},"end":{"line":31,"column":null}},{"start":{},"end":{}}],"line":20},"2":{"loc":{"start":{"line":24,"column":6},"end":{"line":27,"column":null}},"type":"if","locations":[{"start":{"line":24,"column":6},"end":{"line":27,"column":null}},{"start":{},"end":{}}],"line":24},"3":{"loc":{"start":{"line":38,"column":2},"end":{"line":41,"column":null}},"type":"if","locations":[{"start":{"line":38,"column":2},"end":{"line":41,"column":null}},{"start":{},"end":{}}],"line":38},"4":{"loc":{"start":{"line":44,"column":2},"end":{"line":46,"column":null}},"type":"if","locations":[{"start":{"line":44,"column":2},"end":{"line":46,"column":null}},{"start":{},"end":{}}],"line":44}},"s":{"0":6,"1":6,"2":4,"3":4,"4":4,"5":4,"6":2,"7":2,"8":2,"9":2,"10":1,"11":1,"12":1,"13":1,"14":1,"15":2,"16":2,"17":2,"18":2,"19":2,"20":2,"21":1,"22":1,"23":1,"24":1,"25":1,"26":1},"f":{"0":6,"1":4,"2":0},"b":{"0":[4,0],"1":[2,2],"2":[1,1],"3":[1,1],"4":[1,0]},"meta":{"lastBranch":5,"lastFunction":3,"lastStatement":27,"seen":{"f:4:16:4:24":0,"s:5:15:5:Infinity":0,"s:6:2:6:Infinity":1,"f:9:22:9:Infinity":1,"s:17:17:17:Infinity":2,"b:18:2:32:Infinity:undefined:undefined:undefined:undefined":0,"s:18:2:32:Infinity":3,"s:19:19:19:Infinity":4,"b:20:4:31:Infinity:undefined:undefined:undefined:undefined":1,"s:20:4:31:Infinity":5,"s:21:19:21:Infinity":6,"s:22:6:22:Infinity":7,"s:23:6:23:Infinity":8,"b:24:6:27:Infinity:undefined:undefined:undefined:undefined":2,"s:24:6:27:Infinity":9,"s:25:8:25:Infinity":10,"s:26:8:26:Infinity":11,"s:28:6:28:Infinity":12,"s:29:6:29:Infinity":13,"s:30:6:30:Infinity":14,"s:33:15:33:Infinity":15,"s:34:15:34:Infinity":16,"s:35:15:35:Infinity":17,"s:36:2:36:Infinity":18,"s:37:2:37:Infinity":19,"b:38:2:41:Infinity:undefined:undefined:undefined:undefined":3,"s:38:2:41:Infinity":20,"s:39:4:39:Infinity":21,"s:40:4:40:Infinity":22,"s:42:2:42:Infinity":23,"s:43:2:43:Infinity":24,"b:44:2:46:Infinity:undefined:undefined:undefined:undefined":4,"s:44:2:46:Infinity":25,"s:45:4:45:Infinity":26,"f:45:47:45:53":2}}}
,"E:\\Interviews\\Cowlar\\movieshelf\\backend\\src\\middleware\\csrf.ts": {"path":"E:\\Interviews\\Cowlar\\movieshelf\\backend\\src\\middleware\\csrf.ts","statementMap":{"0":{"start":{"line":6,"column":20},"end":{"line":6,"column":null}},"1":{"start":{"line":7,"column":21},"end":{"line":7,"column":null}},"2":{"start":{"line":8,"column":21},"end":{"line":8,"column":null}},"3":{"start":{"line":9,"column":21},"end":{"line":16,"column":null}},"4":{"start":{"line":18,"column":46},"end":{"line":29,"column":null}},"5":{"start":{"line":19,"column":2},"end":{"line":19,"column":null}},"6":{"start":{"line":19,"column":21},"end":{"line":19,"column":null}},"7":{"start":{"line":20,"column":2},"end":{"line":20,"column":null}},"8":{"start":{"line":20,"column":36},"end":{"line":20,"column":null}},"9":{"start":{"line":21,"column":15},"end":{"line":21,"column":null}},"10":{"start":{"line":22,"column":2},"end":{"line":22,"column":null}},"11":{"start":{"line":22,"column":30},"end":{"line":22,"column":null}},"12":{"start":{"line":23,"column":22},"end":{"line":23,"column":null}},"13":{"start":{"line":24,"column":22},"end":{"line":24,"column":null}},"14":{"start":{"line":24,"column":46},"end":{"line":24,"column":56}},"15":{"start":{"line":25,"column":2},"end":{"line":27,"column":null}},"16":{"start":{"line":26,"column":4},"end":{"line":26,"column":null}},"17":{"start":{"line":28,"column":2},"end":{"line":28,"column":null}},"18":{"start":{"line":32,"column":16},"end":{"line":32,"column":null}},"19":{"start":{"line":33,"column":2},"end":{"line":39,"column":null}},"20":{"start":{"line":40,"column":2},"end":{"line":40,"column":null}}},"fnMap":{"0":{"name":"(anonymous_0)","decl":{"start":{"line":18,"column":46},"end":{"line":18,"column":47}},"loc":{"start":{"line":18,"column":66},"end":{"line":29,"column":null}},"line":18},"1":{"name":"(anonymous_1)","decl":{"start":{"line":24,"column":39},"end":{"line":24,"column":40}},"loc":{"start":{"line":24,"column":46},"end":{"line":24,"column":56}},"line":24},"2":{"name":"issueCsrfCookie","decl":{"start":{"line":31,"column":16},"end":{"line":31,"column":32}},"loc":{"start":{"line":31,"column":65},"end":{"line":41,"column":null}},"line":31}},"branchMap":{"0":{"loc":{"start":{"line":19,"column":2},"end":{"line":19,"column":null}},"type":"if","locations":[{"start":{"line":19,"column":2},"end":{"line":19,"column":null}},{"start":{},"end":{}}],"line":19},"1":{"loc":{"start":{"line":20,"column":2},"end":{"line":20,"column":null}},"type":"if","locations":[{"start":{"line":20,"column":2},"end":{"line":20,"column":null}},{"start":{},"end":{}}],"line":20},"2":{"loc":{"start":{"line":22,"column":2},"end":{"line":22,"column":null}},"type":"if","locations":[{"start":{"line":22,"column":2},"end":{"line":22,"column":null}},{"start":{},"end":{}}],"line":22},"3":{"loc":{"start":{"line":25,"column":2},"end":{"line":27,"column":null}},"type":"if","locations":[{"start":{"line":25,"column":2},"end":{"line":27,"column":null}},{"start":{},"end":{}}],"line":25},"4":{"loc":{"start":{"line":25,"column":6},"end":{"line":25,"column":67}},"type":"binary-expr","locations":[{"start":{"line":25,"column":6},"end":{"line":25,"column":22}},{"start":{"line":25,"column":22},"end":{"line":25,"column":38}},{"start":{"line":25,"column":38},"end":{"line":25,"column":67}}],"line":25}},"s":{"0":1,"1":1,"2":1,"3":1,"4":1,"5":5,"6":0,"7":5,"8":1,"9":4,"10":4,"11":1,"12":3,"13":5,"14":6,"15":5,"16":2,"17":1,"18":0,"19":0,"20":0},"f":{"0":5,"1":6,"2":0},"b":{"0":[0,5],"1":[1,4],"2":[1,3],"3":[2,3],"4":[5,3,2]},"meta":{"lastBranch":5,"lastFunction":3,"lastStatement":21,"seen":{"s:6:20:6:Infinity":0,"s:7:21:7:Infinity":1,"s:8:21:8:Infinity":2,"s:9:21:16:Infinity":3,"s:18:46:29:Infinity":4,"f:18:46:18:47":0,"b:19:2:19:Infinity:undefined:undefined:undefined:undefined":0,"s:19:2:19:Infinity":5,"s:19:21:19:Infinity":6,"b:20:2:20:Infinity:undefined:undefined:undefined:undefined":1,"s:20:2:20:Infinity":7,"s:20:36:20:Infinity":8,"s:21:15:21:Infinity":9,"b:22:2:22:Infinity:undefined:undefined:undefined:undefined":2,"s:22:2:22:Infinity":10,"s:22:30:22:Infinity":11,"s:23:22:23:Infinity":12,"s:24:22:24:Infinity":13,"f:24:39:24:40":1,"s:24:46:24:56":14,"b:25:2:27:Infinity:undefined:undefined:undefined:undefined":3,"s:25:2:27:Infinity":15,"b:25:6:25:22:25:22:25:38:25:38:25:67":4,"s:26:4:26:Infinity":16,"s:28:2:28:Infinity":17,"f:31:16:31:32":2,"s:32:16:32:Infinity":18,"s:33:2:39:Infinity":19,"s:40:2:40:Infinity":20}}}
,"E:\\Interviews\\Cowlar\\movieshelf\\backend\\src\\middleware\\errors.ts": {"path":"E:\\Interviews\\Cowlar\\movieshelf\\backend\\src\\middleware\\errors.ts","statementMap":{"0":{"start":{"line":8,"column":4},"end":{"line":8,"column":null}},"1":{"start":{"line":9,"column":4},"end":{"line":9,"column":null}},"2":{"start":{"line":10,"column":4},"end":{"line":10,"column":null}},"3":{"start":{"line":15,"column":2},"end":{"line":15,"column":null}},"4":{"start":{"line":19,"column":17},"end":{"line":19,"column":null}},"5":{"start":{"line":20,"column":15},"end":{"line":20,"column":null}},"6":{"start":{"line":21,"column":18},"end":{"line":21,"column":null}},"7":{"start":{"line":22,"column":2},"end":{"line":22,"column":null}},"8":{"start":{"line":22,"column":21},"end":{"line":22,"column":null}},"9":{"start":{"line":23,"column":2},"end":{"line":23,"column":null}}},"fnMap":{"0":{"name":"(anonymous_0)","decl":{"start":{"line":7,"column":2},"end":{"line":7,"column":14}},"loc":{"start":{"line":7,"column":63},"end":{"line":11,"column":null}},"line":7},"1":{"name":"notFound","decl":{"start":{"line":14,"column":16},"end":{"line":14,"column":25}},"loc":{"start":{"line":14,"column":55},"end":{"line":16,"column":null}},"line":14},"2":{"name":"errorHandler","decl":{"start":{"line":18,"column":16},"end":{"line":18,"column":29}},"loc":{"start":{"line":18,"column":90},"end":{"line":24,"column":null}},"line":18}},"branchMap":{"0":{"loc":{"start":{"line":7,"column":47},"end":{"line":7,"column":63}},"type":"default-arg","locations":[{"start":{"line":7,"column":54},"end":{"line":7,"column":63}}],"line":7},"1":{"loc":{"start":{"line":19,"column":17},"end":{"line":19,"column":null}},"type":"cond-expr","locations":[{"start":{"line":19,"column":51},"end":{"line":19,"column":64}},{"start":{"line":19,"column":64},"end":{"line":19,"column":null}}],"line":19},"2":{"loc":{"start":{"line":20,"column":15},"end":{"line":20,"column":null}},"type":"cond-expr","locations":[{"start":{"line":20,"column":47},"end":{"line":20,"column":58}},{"start":{"line":20,"column":58},"end":{"line":20,"column":null}}],"line":20},"3":{"loc":{"start":{"line":21,"column":18},"end":{"line":21,"column":null}},"type":"cond-expr","locations":[{"start":{"line":21,"column":53},"end":{"line":21,"column":67}},{"start":{"line":21,"column":67},"end":{"line":21,"column":null}}],"line":21},"4":{"loc":{"start":{"line":22,"column":2},"end":{"line":22,"column":null}},"type":"if","locations":[{"start":{"line":22,"column":2},"end":{"line":22,"column":null}},{"start":{},"end":{}}],"line":22}},"s":{"0":5,"1":5,"2":5,"3":1,"4":2,"5":2,"6":2,"7":2,"8":1,"9":2},"f":{"0":5,"1":1,"2":2},"b":{"0":[5],"1":[1,1],"2":[1,1],"3":[2,0],"4":[1,1]},"meta":{"lastBranch":5,"lastFunction":3,"lastStatement":10,"seen":{"f:7:2:7:14":0,"b:7:54:7:63":0,"s:8:4:8:Infinity":0,"s:9:4:9:Infinity":1,"s:10:4:10:Infinity":2,"f:14:16:14:25":1,"s:15:2:15:Infinity":3,"f:18:16:18:29":2,"s:19:17:19:Infinity":4,"b:19:51:19:64:19:64:19:Infinity":1,"s:20:15:20:Infinity":5,"b:20:47:20:58:20:58:20:Infinity":2,"s:21:18:21:Infinity":6,"b:21:53:21:67:21:67:21:Infinity":3,"b:22:2:22:Infinity:undefined:undefined:undefined:undefined":4,"s:22:2:22:Infinity":7,"s:22:21:22:Infinity":8,"s:23:2:23:Infinity":9}}}
,"E:\\Interviews\\Cowlar\\movieshelf\\backend\\src\\middleware\\redisRateLimit.ts": {"path":"E:\\Interviews\\Cowlar\\movieshelf\\backend\\src\\middleware\\redisRateLimit.ts","statementMap":{"0":{"start":{"line":10,"column":19},"end":{"line":10,"column":null}},"1":{"start":{"line":11,"column":16},"end":{"line":11,"column":null}},"2":{"start":{"line":12,"column":2},"end":{"line":29,"column":null}},"3":{"start":{"line":13,"column":4},"end":{"line":28,"column":null}},"4":{"start":{"line":14,"column":21},"end":{"line":14,"column":null}},"5":{"start":{"line":15,"column":6},"end":{"line":15,"column":null}},"6":{"start":{"line":15,"column":19},"end":{"line":15,"column":null}},"7":{"start":{"line":16,"column":18},"end":{"line":16,"column":null}},"8":{"start":{"line":17,"column":18},"end":{"line":17,"column":null}},"9":{"start":{"line":18,"column":6},"end":{"line":20,"column":null}},"10":{"start":{"line":19,"column":8},"end":{"line":19,"column":null}},"11":{"start":{"line":21,"column":6},"end":{"line":24,"column":null}},"12":{"start":{"line":22,"column":8},"end":{"line":22,"column":null}},"13":{"start":{"line":23,"column":8},"end":{"line":23,"column":null}},"14":{"start":{"line":25,"column":6},"end":{"line":25,"column":null}},"15":{"start":{"line":27,"column":6},"end":{"line":27,"column":null}}},"fnMap":{"0":{"name":"redisRateLimit","decl":{"start":{"line":9,"column":16},"end":{"line":9,"column":31}},"loc":{"start":{"line":9,"column":49},"end":{"line":30,"column":null}},"line":9},"1":{"name":"(anonymous_1)","decl":{"start":{"line":12,"column":9},"end":{"line":12,"column":16}},"loc":{"start":{"line":12,"column":68},"end":{"line":29,"column":null}},"line":12}},"branchMap":{"0":{"loc":{"start":{"line":15,"column":6},"end":{"line":15,"column":null}},"type":"if","locations":[{"start":{"line":15,"column":6},"end":{"line":15,"column":null}},{"start":{},"end":{}}],"line":15},"1":{"loc":{"start":{"line":18,"column":6},"end":{"line":20,"column":null}},"type":"if","locations":[{"start":{"line":18,"column":6},"end":{"line":20,"column":null}},{"start":{},"end":{}}],"line":18},"2":{"loc":{"start":{"line":21,"column":6},"end":{"line":24,"column":null}},"type":"if","locations":[{"start":{"line":21,"column":6},"end":{"line":24,"column":null}},{"start":{},"end":{}}],"line":21}},"s":{"0":4,"1":4,"2":4,"3":5,"4":5,"5":4,"6":4,"7":2,"8":2,"9":2,"10":1,"11":2,"12":1,"13":1,"14":1,"15":1},"f":{"0":4,"1":5},"b":{"0":[2,2],"1":[1,1],"2":[1,1]},"meta":{"lastBranch":3,"lastFunction":2,"lastStatement":16,"seen":{"f:9:16:9:31":0,"s:10:19:10:Infinity":0,"s:11:16:11:Infinity":1,"s:12:2:29:Infinity":2,"f:12:9:12:16":1,"s:13:4:28:Infinity":3,"s:14:21:14:Infinity":4,"b:15:6:15:Infinity:undefined:undefined:undefined:undefined":0,"s:15:6:15:Infinity":5,"s:15:19:15:Infinity":6,"s:16:18:16:Infinity":7,"s:17:18:17:Infinity":8,"b:18:6:20:Infinity:undefined:undefined:undefined:undefined":1,"s:18:6:20:Infinity":9,"s:19:8:19:Infinity":10,"b:21:6:24:Infinity:undefined:undefined:undefined:undefined":2,"s:21:6:24:Infinity":11,"s:22:8:22:Infinity":12,"s:23:8:23:Infinity":13,"s:25:6:25:Infinity":14,"s:27:6:27:Infinity":15}}}
,"E:\\Interviews\\Cowlar\\movieshelf\\backend\\src\\middleware\\requestId.ts": {"path":"E:\\Interviews\\Cowlar\\movieshelf\\backend\\src\\middleware\\requestId.ts","statementMap":{"0":{"start":{"line":3,"column":41},"end":{"line":8,"column":null}},"1":{"start":{"line":4,"column":19},"end":{"line":4,"column":null}},"2":{"start":{"line":5,"column":8},"end":{"line":5,"column":null}},"3":{"start":{"line":6,"column":3},"end":{"line":6,"column":null}},"4":{"start":{"line":7,"column":2},"end":{"line":7,"column":null}}},"fnMap":{"0":{"name":"(anonymous_0)","decl":{"start":{"line":3,"column":41},"end":{"line":3,"column":42}},"loc":{"start":{"line":3,"column":62},"end":{"line":8,"column":null}},"line":3}},"branchMap":{"0":{"loc":{"start":{"line":5,"column":8},"end":{"line":5,"column":null}},"type":"binary-expr","locations":[{"start":{"line":5,"column":15},"end":{"line":5,"column":68}},{"start":{"line":5,"column":68},"end":{"line":5,"column":null}}],"line":5},"1":{"loc":{"start":{"line":5,"column":15},"end":{"line":5,"column":68}},"type":"cond-expr","locations":[{"start":{"line":5,"column":41},"end":{"line":5,"column":55}},{"start":{"line":5,"column":55},"end":{"line":5,"column":68}}],"line":5}},"s":{"0":1,"1":2,"2":2,"3":2,"4":2},"f":{"0":2},"b":{"0":[2,1],"1":[0,2]},"meta":{"lastBranch":2,"lastFunction":1,"lastStatement":5,"seen":{"s:3:41:8:Infinity":0,"f:3:41:3:42":0,"s:4:19:4:Infinity":1,"s:5:8:5:Infinity":2,"b:5:15:5:68:5:68:5:Infinity":0,"b:5:41:5:55:5:55:5:68":1,"s:6:3:6:Infinity":3,"s:7:2:7:Infinity":4}}}
,"E:\\Interviews\\Cowlar\\movieshelf\\backend\\src\\middleware\\validate.ts": {"path":"E:\\Interviews\\Cowlar\\movieshelf\\backend\\src\\middleware\\validate.ts","statementMap":{"0":{"start":{"line":11,"column":2},"end":{"line":20,"column":null}},"1":{"start":{"line":12,"column":4},"end":{"line":19,"column":null}},"2":{"start":{"line":13,"column":6},"end":{"line":13,"column":null}},"3":{"start":{"line":13,"column":24},"end":{"line":13,"column":null}},"4":{"start":{"line":14,"column":6},"end":{"line":14,"column":null}},"5":{"start":{"line":14,"column":26},"end":{"line":14,"column":null}},"6":{"start":{"line":15,"column":6},"end":{"line":15,"column":null}},"7":{"start":{"line":15,"column":27},"end":{"line":15,"column":null}},"8":{"start":{"line":16,"column":6},"end":{"line":16,"column":null}},"9":{"start":{"line":18,"column":6},"end":{"line":18,"column":null}}},"fnMap":{"0":{"name":"validate","decl":{"start":{"line":10,"column":16},"end":{"line":10,"column":25}},"loc":{"start":{"line":10,"column":59},"end":{"line":21,"column":null}},"line":10},"1":{"name":"(anonymous_1)","decl":{"start":{"line":11,"column":9},"end":{"line":11,"column":10}},"loc":{"start":{"line":11,"column":29},"end":{"line":20,"column":null}},"line":11}},"branchMap":{"0":{"loc":{"start":{"line":13,"column":6},"end":{"line":13,"column":null}},"type":"if","locations":[{"start":{"line":13,"column":6},"end":{"line":13,"column":null}},{"start":{},"end":{}}],"line":13},"1":{"loc":{"start":{"line":14,"column":6},"end":{"line":14,"column":null}},"type":"if","locations":[{"start":{"line":14,"column":6},"end":{"line":14,"column":null}},{"start":{},"end":{}}],"line":14},"2":{"loc":{"start":{"line":15,"column":6},"end":{"line":15,"column":null}},"type":"if","locations":[{"start":{"line":15,"column":6},"end":{"line":15,"column":null}},{"start":{},"end":{}}],"line":15},"3":{"loc":{"start":{"line":18,"column":117},"end":{"line":18,"column":137}},"type":"binary-expr","locations":[{"start":{"line":18,"column":117},"end":{"line":18,"column":132}},{"start":{"line":18,"column":132},"end":{"line":18,"column":137}}],"line":18}},"s":{"0":2,"1":2,"2":2,"3":2,"4":1,"5":1,"6":1,"7":1,"8":1,"9":1},"f":{"0":2,"1":2},"b":{"0":[2,0],"1":[1,0],"2":[1,0],"3":[1,0]},"meta":{"lastBranch":4,"lastFunction":2,"lastStatement":10,"seen":{"f:10:16:10:25":0,"s:11:2:20:Infinity":0,"f:11:9:11:10":1,"s:12:4:19:Infinity":1,"b:13:6:13:Infinity:undefined:undefined:undefined:undefined":0,"s:13:6:13:Infinity":2,"s:13:24:13:Infinity":3,"b:14:6:14:Infinity:undefined:undefined:undefined:undefined":1,"s:14:6:14:Infinity":4,"s:14:26:14:Infinity":5,"b:15:6:15:Infinity:undefined:undefined:undefined:undefined":2,"s:15:6:15:Infinity":6,"s:15:27:15:Infinity":7,"s:16:6:16:Infinity":8,"s:18:6:18:Infinity":9,"b:18:117:18:132:18:132:18:137":3}}}
}
